<?xml version="1.0" encoding="UTF-8"?>
<!-- Generated by org.testng.reporters.JUnitReportReporter -->
<testsuite hostname="NITHISH-PC" name="com.learn.selenium.MavenDemo" tests="1" failures="0" timestamp="11 Oct 2016 14:36:27 GMT" time="0.020" errors="0">
  <testcase name="Demo" time="0.020" classname="com.learn.selenium.MavenDemo"/>
</testsuite> <!-- com.learn.selenium.MavenDemo -->
